(4455,)


steer : -0.041176


steer : 0.041176
(160, 320, 3)
_________________________________________________________________
Layer (type)                 Output Shape              Param #   
=================================================================
cropping2d_1 (Cropping2D)    (None, 90, 320, 3)        0         
_________________________________________________________________
lambda_1 (Lambda)            (None, 90, 320, 3)        0         
_________________________________________________________________
conv2d_1 (Conv2D)            (None, 43, 158, 24)       1824      
_________________________________________________________________
activation_1 (Activation)    (None, 43, 158, 24)       0         
_________________________________________________________________
conv2d_2 (Conv2D)            (None, 20, 77, 36)        21636     
_________________________________________________________________
activation_2 (Activation)    (None, 20, 77, 36)        0         
_________________________________________________________________
conv2d_3 (Conv2D)            (None, 8, 37, 48)         43248     
_________________________________________________________________
activation_3 (Activation)    (None, 8, 37, 48)         0         
_________________________________________________________________
conv2d_4 (Conv2D)            (None, 6, 35, 60)         25980     
_________________________________________________________________
activation_4 (Activation)    (None, 6, 35, 60)         0         
_________________________________________________________________
conv2d_5 (Conv2D)            (None, 4, 33, 72)         38952     
_________________________________________________________________
activation_5 (Activation)    (None, 4, 33, 72)         0         
_________________________________________________________________
conv2d_6 (Conv2D)            (None, 2, 31, 84)         54516     
_________________________________________________________________
activation_6 (Activation)    (None, 2, 31, 84)         0         
_________________________________________________________________
flatten_1 (Flatten)          (None, 5208)              0         
_________________________________________________________________
dense_1 (Dense)              (None, 128)               666752    
_________________________________________________________________
dense_2 (Dense)              (None, 50)                6450      
_________________________________________________________________
dense_3 (Dense)              (None, 10)                510       
_________________________________________________________________
dense_4 (Dense)              (None, 1)                 11        
=================================================================
Total params: 859,879
Trainable params: 859,879
Non-trainable params: 0
_________________________________________________________________
Train on 25393 samples, validate on 1337 samples
Epoch 1/5

   32/25393 [..............................] - ETA: 30:08 - loss: 0.0442
   96/25393 [..............................] - ETA: 10:14 - loss: 0.0629
  192/25393 [..............................] - ETA: 5:12 - loss: 0.0526 
  288/25393 [..............................] - ETA: 3:32 - loss: 0.0459
  384/25393 [..............................] - ETA: 2:42 - loss: 0.0428
  480/25393 [..............................] - ETA: 2:12 - loss: 0.0380
  576/25393 [..............................] - ETA: 1:52 - loss: 0.0355
  672/25393 [..............................] - ETA: 1:38 - loss: 0.0328
  768/25393 [..............................] - ETA: 1:27 - loss: 0.0309
  864/25393 [>.............................] - ETA: 1:18 - loss: 0.0300
  960/25393 [>.............................] - ETA: 1:12 - loss: 0.0294
 1056/25393 [>.............................] - ETA: 1:06 - loss: 0.0291
 1152/25393 [>.............................] - ETA: 1:01 - loss: 0.0282
 1248/25393 [>.............................] - ETA: 58s - loss: 0.0274 
 1344/25393 [>.............................] - ETA: 54s - loss: 0.0267
 1440/25393 [>.............................] - ETA: 51s - loss: 0.0258
 1536/25393 [>.............................] - ETA: 49s - loss: 0.0250
 1632/25393 [>.............................] - ETA: 47s - loss: 0.0245
 1728/25393 [=>............................] - ETA: 45s - loss: 0.0240
 1824/25393 [=>............................] - ETA: 43s - loss: 0.0236
 1920/25393 [=>............................] - ETA: 41s - loss: 0.0232
 2016/25393 [=>............................] - ETA: 40s - loss: 0.0230
 2112/25393 [=>............................] - ETA: 38s - loss: 0.0225
 2208/25393 [=>............................] - ETA: 37s - loss: 0.0222
 2304/25393 [=>............................] - ETA: 36s - loss: 0.0217
 2400/25393 [=>............................] - ETA: 35s - loss: 0.0214
 2496/25393 [=>............................] - ETA: 34s - loss: 0.0211
 2592/25393 [==>...........................] - ETA: 33s - loss: 0.0207
 2688/25393 [==>...........................] - ETA: 32s - loss: 0.0202
 2784/25393 [==>...........................] - ETA: 31s - loss: 0.0199
 2880/25393 [==>...........................] - ETA: 30s - loss: 0.0197
 2976/25393 [==>...........................] - ETA: 30s - loss: 0.0195
 3072/25393 [==>...........................] - ETA: 29s - loss: 0.0192
 3168/25393 [==>...........................] - ETA: 28s - loss: 0.0189
 3264/25393 [==>...........................] - ETA: 28s - loss: 0.0186
 3360/25393 [==>...........................] - ETA: 27s - loss: 0.0184
 3456/25393 [===>..........................] - ETA: 27s - loss: 0.0182
 3552/25393 [===>..........................] - ETA: 26s - loss: 0.0179
 3648/25393 [===>..........................] - ETA: 26s - loss: 0.0177
 3744/25393 [===>..........................] - ETA: 25s - loss: 0.0175
 3840/25393 [===>..........................] - ETA: 25s - loss: 0.0173
 3936/25393 [===>..........................] - ETA: 24s - loss: 0.0172
 4032/25393 [===>..........................] - ETA: 24s - loss: 0.0170
 4128/25393 [===>..........................] - ETA: 24s - loss: 0.0169
 4224/25393 [===>..........................] - ETA: 23s - loss: 0.0168
 4320/25393 [====>.........................] - ETA: 23s - loss: 0.0166
 4416/25393 [====>.........................] - ETA: 23s - loss: 0.0165
 4512/25393 [====>.........................] - ETA: 22s - loss: 0.0163
 4608/25393 [====>.........................] - ETA: 22s - loss: 0.0162
 4704/25393 [====>.........................] - ETA: 22s - loss: 0.0161
 4800/25393 [====>.........................] - ETA: 21s - loss: 0.0160
 4896/25393 [====>.........................] - ETA: 21s - loss: 0.0159
 4992/25393 [====>.........................] - ETA: 21s - loss: 0.0158
 5088/25393 [=====>........................] - ETA: 21s - loss: 0.0157
 5184/25393 [=====>........................] - ETA: 20s - loss: 0.0156
 5280/25393 [=====>........................] - ETA: 20s - loss: 0.0155
 5376/25393 [=====>........................] - ETA: 20s - loss: 0.0154
 5472/25393 [=====>........................] - ETA: 19s - loss: 0.0153
 5568/25393 [=====>........................] - ETA: 19s - loss: 0.0152
 5664/25393 [=====>........................] - ETA: 19s - loss: 0.0151
 5760/25393 [=====>........................] - ETA: 19s - loss: 0.0150
 5856/25393 [=====>........................] - ETA: 19s - loss: 0.0150
 5952/25393 [======>.......................] - ETA: 18s - loss: 0.0149
 6048/25393 [======>.......................] - ETA: 18s - loss: 0.0148
 6144/25393 [======>.......................] - ETA: 18s - loss: 0.0147
 6240/25393 [======>.......................] - ETA: 18s - loss: 0.0146
 6336/25393 [======>.......................] - ETA: 18s - loss: 0.0145
 6432/25393 [======>.......................] - ETA: 17s - loss: 0.0144
 6528/25393 [======>.......................] - ETA: 17s - loss: 0.0143
 6624/25393 [======>.......................] - ETA: 17s - loss: 0.0142
 6720/25393 [======>.......................] - ETA: 17s - loss: 0.0141
 6816/25393 [=======>......................] - ETA: 17s - loss: 0.0141
 6912/25393 [=======>......................] - ETA: 16s - loss: 0.0140
 7008/25393 [=======>......................] - ETA: 16s - loss: 0.0141
 7104/25393 [=======>......................] - ETA: 16s - loss: 0.0140
 7200/25393 [=======>......................] - ETA: 16s - loss: 0.0139
 7296/25393 [=======>......................] - ETA: 16s - loss: 0.0139
 7392/25393 [=======>......................] - ETA: 16s - loss: 0.0138
 7488/25393 [=======>......................] - ETA: 15s - loss: 0.0138
 7584/25393 [=======>......................] - ETA: 15s - loss: 0.0137
 7680/25393 [========>.....................] - ETA: 15s - loss: 0.0137
 7776/25393 [========>.....................] - ETA: 15s - loss: 0.0136
 7872/25393 [========>.....................] - ETA: 15s - loss: 0.0136
 7968/25393 [========>.....................] - ETA: 15s - loss: 0.0135
 8064/25393 [========>.....................] - ETA: 15s - loss: 0.0135
 8160/25393 [========>.....................] - ETA: 14s - loss: 0.0134
 8256/25393 [========>.....................] - ETA: 14s - loss: 0.0134
 8352/25393 [========>.....................] - ETA: 14s - loss: 0.0133
 8448/25393 [========>.....................] - ETA: 14s - loss: 0.0133
 8544/25393 [=========>....................] - ETA: 14s - loss: 0.0132
 8640/25393 [=========>....................] - ETA: 14s - loss: 0.0132
 8736/25393 [=========>....................] - ETA: 14s - loss: 0.0131
 8832/25393 [=========>....................] - ETA: 14s - loss: 0.0131
 8928/25393 [=========>....................] - ETA: 13s - loss: 0.0131
 9024/25393 [=========>....................] - ETA: 13s - loss: 0.0130
 9120/25393 [=========>....................] - ETA: 13s - loss: 0.0130
 9216/25393 [=========>....................] - ETA: 13s - loss: 0.0129
 9312/25393 [==========>...................] - ETA: 13s - loss: 0.0129
 9408/25393 [==========>...................] - ETA: 13s - loss: 0.0128
 9504/25393 [==========>...................] - ETA: 13s - loss: 0.0128
 9600/25393 [==========>...................] - ETA: 13s - loss: 0.0127
 9696/25393 [==========>...................] - ETA: 12s - loss: 0.0127
 9792/25393 [==========>...................] - ETA: 12s - loss: 0.0127
 9888/25393 [==========>...................] - ETA: 12s - loss: 0.0127
 9984/25393 [==========>...................] - ETA: 12s - loss: 0.0126
10080/25393 [==========>...................] - ETA: 12s - loss: 0.0126
10176/25393 [===========>..................] - ETA: 12s - loss: 0.0126
10272/25393 [===========>..................] - ETA: 12s - loss: 0.0125
10368/25393 [===========>..................] - ETA: 12s - loss: 0.0125
10464/25393 [===========>..................] - ETA: 12s - loss: 0.0125
10560/25393 [===========>..................] - ETA: 11s - loss: 0.0125
10656/25393 [===========>..................] - ETA: 11s - loss: 0.0124
10752/25393 [===========>..................] - ETA: 11s - loss: 0.0124
10848/25393 [===========>..................] - ETA: 11s - loss: 0.0124
10944/25393 [===========>..................] - ETA: 11s - loss: 0.0123
11040/25393 [============>.................] - ETA: 11s - loss: 0.0123
11136/25393 [============>.................] - ETA: 11s - loss: 0.0122
11232/25393 [============>.................] - ETA: 11s - loss: 0.0122
11328/25393 [============>.................] - ETA: 11s - loss: 0.0122
11424/25393 [============>.................] - ETA: 11s - loss: 0.0122
11520/25393 [============>.................] - ETA: 10s - loss: 0.0121
11616/25393 [============>.................] - ETA: 10s - loss: 0.0121
11712/25393 [============>.................] - ETA: 10s - loss: 0.0121
11808/25393 [============>.................] - ETA: 10s - loss: 0.0120
11904/25393 [=============>................] - ETA: 10s - loss: 0.0120
12000/25393 [=============>................] - ETA: 10s - loss: 0.0120
12096/25393 [=============>................] - ETA: 10s - loss: 0.0120
12192/25393 [=============>................] - ETA: 10s - loss: 0.0119
12288/25393 [=============>................] - ETA: 10s - loss: 0.0119
12384/25393 [=============>................] - ETA: 10s - loss: 0.0119
12480/25393 [=============>................] - ETA: 9s - loss: 0.0118 
12576/25393 [=============>................] - ETA: 9s - loss: 0.0118
12672/25393 [=============>................] - ETA: 9s - loss: 0.0118
12768/25393 [==============>...............] - ETA: 9s - loss: 0.0117
12864/25393 [==============>...............] - ETA: 9s - loss: 0.0117
12960/25393 [==============>...............] - ETA: 9s - loss: 0.0117
13056/25393 [==============>...............] - ETA: 9s - loss: 0.0117
13152/25393 [==============>...............] - ETA: 9s - loss: 0.0117
13248/25393 [==============>...............] - ETA: 9s - loss: 0.0116
13344/25393 [==============>...............] - ETA: 9s - loss: 0.0116
13440/25393 [==============>...............] - ETA: 9s - loss: 0.0116
13536/25393 [==============>...............] - ETA: 8s - loss: 0.0116
13632/25393 [===============>..............] - ETA: 8s - loss: 0.0116
13728/25393 [===============>..............] - ETA: 8s - loss: 0.0115
13824/25393 [===============>..............] - ETA: 8s - loss: 0.0115
13920/25393 [===============>..............] - ETA: 8s - loss: 0.0115
14016/25393 [===============>..............] - ETA: 8s - loss: 0.0115
14112/25393 [===============>..............] - ETA: 8s - loss: 0.0114
14208/25393 [===============>..............] - ETA: 8s - loss: 0.0114
14304/25393 [===============>..............] - ETA: 8s - loss: 0.0114
14400/25393 [================>.............] - ETA: 8s - loss: 0.0114
14496/25393 [================>.............] - ETA: 8s - loss: 0.0114
14592/25393 [================>.............] - ETA: 8s - loss: 0.0113
14688/25393 [================>.............] - ETA: 7s - loss: 0.0113
14784/25393 [================>.............] - ETA: 7s - loss: 0.0113
14880/25393 [================>.............] - ETA: 7s - loss: 0.0113
14976/25393 [================>.............] - ETA: 7s - loss: 0.0113
15072/25393 [================>.............] - ETA: 7s - loss: 0.0112
15168/25393 [================>.............] - ETA: 7s - loss: 0.0112
15264/25393 [=================>............] - ETA: 7s - loss: 0.0112
15360/25393 [=================>............] - ETA: 7s - loss: 0.0112
15456/25393 [=================>............] - ETA: 7s - loss: 0.0112
15552/25393 [=================>............] - ETA: 7s - loss: 0.0112
15648/25393 [=================>............] - ETA: 7s - loss: 0.0111
15744/25393 [=================>............] - ETA: 7s - loss: 0.0111
15840/25393 [=================>............] - ETA: 6s - loss: 0.0111
15936/25393 [=================>............] - ETA: 6s - loss: 0.0111
16032/25393 [=================>............] - ETA: 6s - loss: 0.0110
16128/25393 [==================>...........] - ETA: 6s - loss: 0.0110
16224/25393 [==================>...........] - ETA: 6s - loss: 0.0110
16320/25393 [==================>...........] - ETA: 6s - loss: 0.0110
16416/25393 [==================>...........] - ETA: 6s - loss: 0.0110
16512/25393 [==================>...........] - ETA: 6s - loss: 0.0110
16608/25393 [==================>...........] - ETA: 6s - loss: 0.0109
16704/25393 [==================>...........] - ETA: 6s - loss: 0.0109
16800/25393 [==================>...........] - ETA: 6s - loss: 0.0109
16896/25393 [==================>...........] - ETA: 6s - loss: 0.0109
16992/25393 [===================>..........] - ETA: 6s - loss: 0.0109
17088/25393 [===================>..........] - ETA: 5s - loss: 0.0109
17184/25393 [===================>..........] - ETA: 5s - loss: 0.0108
17280/25393 [===================>..........] - ETA: 5s - loss: 0.0108
17376/25393 [===================>..........] - ETA: 5s - loss: 0.0108
17472/25393 [===================>..........] - ETA: 5s - loss: 0.0108
17568/25393 [===================>..........] - ETA: 5s - loss: 0.0108
17664/25393 [===================>..........] - ETA: 5s - loss: 0.0107
17760/25393 [===================>..........] - ETA: 5s - loss: 0.0107
17856/25393 [====================>.........] - ETA: 5s - loss: 0.0107
17952/25393 [====================>.........] - ETA: 5s - loss: 0.0107
18048/25393 [====================>.........] - ETA: 5s - loss: 0.0107
18144/25393 [====================>.........] - ETA: 5s - loss: 0.0106
18240/25393 [====================>.........] - ETA: 5s - loss: 0.0106
18336/25393 [====================>.........] - ETA: 5s - loss: 0.0106
18432/25393 [====================>.........] - ETA: 4s - loss: 0.0106
18528/25393 [====================>.........] - ETA: 4s - loss: 0.0106
18624/25393 [=====================>........] - ETA: 4s - loss: 0.0106
18720/25393 [=====================>........] - ETA: 4s - loss: 0.0106
18816/25393 [=====================>........] - ETA: 4s - loss: 0.0106
18912/25393 [=====================>........] - ETA: 4s - loss: 0.0105
19008/25393 [=====================>........] - ETA: 4s - loss: 0.0105
19104/25393 [=====================>........] - ETA: 4s - loss: 0.0105
19200/25393 [=====================>........] - ETA: 4s - loss: 0.0105
19296/25393 [=====================>........] - ETA: 4s - loss: 0.0105
19392/25393 [=====================>........] - ETA: 4s - loss: 0.0105
19488/25393 [======================>.......] - ETA: 4s - loss: 0.0105
19584/25393 [======================>.......] - ETA: 4s - loss: 0.0105
19680/25393 [======================>.......] - ETA: 4s - loss: 0.0104
19776/25393 [======================>.......] - ETA: 3s - loss: 0.0104
19872/25393 [======================>.......] - ETA: 3s - loss: 0.0104
19968/25393 [======================>.......] - ETA: 3s - loss: 0.0104
20064/25393 [======================>.......] - ETA: 3s - loss: 0.0104
20160/25393 [======================>.......] - ETA: 3s - loss: 0.0104
20256/25393 [======================>.......] - ETA: 3s - loss: 0.0104
20352/25393 [=======================>......] - ETA: 3s - loss: 0.0104
20448/25393 [=======================>......] - ETA: 3s - loss: 0.0104
20544/25393 [=======================>......] - ETA: 3s - loss: 0.0104
20640/25393 [=======================>......] - ETA: 3s - loss: 0.0103
20736/25393 [=======================>......] - ETA: 3s - loss: 0.0103
20832/25393 [=======================>......] - ETA: 3s - loss: 0.0103
20928/25393 [=======================>......] - ETA: 3s - loss: 0.0103
21024/25393 [=======================>......] - ETA: 3s - loss: 0.0103
21120/25393 [=======================>......] - ETA: 2s - loss: 0.0103
21216/25393 [========================>.....] - ETA: 2s - loss: 0.0103
21312/25393 [========================>.....] - ETA: 2s - loss: 0.0103
21408/25393 [========================>.....] - ETA: 2s - loss: 0.0103
21504/25393 [========================>.....] - ETA: 2s - loss: 0.0103
21600/25393 [========================>.....] - ETA: 2s - loss: 0.0102
21696/25393 [========================>.....] - ETA: 2s - loss: 0.0102
21792/25393 [========================>.....] - ETA: 2s - loss: 0.0102
21888/25393 [========================>.....] - ETA: 2s - loss: 0.0102
21984/25393 [========================>.....] - ETA: 2s - loss: 0.0102
22080/25393 [=========================>....] - ETA: 2s - loss: 0.0102
22176/25393 [=========================>....] - ETA: 2s - loss: 0.0102
22272/25393 [=========================>....] - ETA: 2s - loss: 0.0102
22368/25393 [=========================>....] - ETA: 2s - loss: 0.0101
22464/25393 [=========================>....] - ETA: 2s - loss: 0.0101
22560/25393 [=========================>....] - ETA: 1s - loss: 0.0101
22656/25393 [=========================>....] - ETA: 1s - loss: 0.0101
22752/25393 [=========================>....] - ETA: 1s - loss: 0.0101
22848/25393 [=========================>....] - ETA: 1s - loss: 0.0101
22944/25393 [==========================>...] - ETA: 1s - loss: 0.0101
23040/25393 [==========================>...] - ETA: 1s - loss: 0.0101
23136/25393 [==========================>...] - ETA: 1s - loss: 0.0101
23232/25393 [==========================>...] - ETA: 1s - loss: 0.0100
23328/25393 [==========================>...] - ETA: 1s - loss: 0.0100
23424/25393 [==========================>...] - ETA: 1s - loss: 0.0100
23520/25393 [==========================>...] - ETA: 1s - loss: 0.0100
23616/25393 [==========================>...] - ETA: 1s - loss: 0.0100
23712/25393 [===========================>..] - ETA: 1s - loss: 0.0100
23808/25393 [===========================>..] - ETA: 1s - loss: 0.0100
23904/25393 [===========================>..] - ETA: 1s - loss: 0.0100
24000/25393 [===========================>..] - ETA: 0s - loss: 0.0100
24096/25393 [===========================>..] - ETA: 0s - loss: 0.0100
24192/25393 [===========================>..] - ETA: 0s - loss: 0.0100
24288/25393 [===========================>..] - ETA: 0s - loss: 0.0099
24384/25393 [===========================>..] - ETA: 0s - loss: 0.0099
24480/25393 [===========================>..] - ETA: 0s - loss: 0.0099
24576/25393 [============================>.] - ETA: 0s - loss: 0.0099
24672/25393 [============================>.] - ETA: 0s - loss: 0.0099
24768/25393 [============================>.] - ETA: 0s - loss: 0.0099
24864/25393 [============================>.] - ETA: 0s - loss: 0.0099
24960/25393 [============================>.] - ETA: 0s - loss: 0.0099
25056/25393 [============================>.] - ETA: 0s - loss: 0.0099
25152/25393 [============================>.] - ETA: 0s - loss: 0.0099
25248/25393 [============================>.] - ETA: 0s - loss: 0.0099
25344/25393 [============================>.] - ETA: 0s - loss: 0.0099
25393/25393 [==============================] - 18s 698us/step - loss: 0.0099 - val_loss: 0.0093
Epoch 2/5

   32/25393 [..............................] - ETA: 15s - loss: 0.0057
  128/25393 [..............................] - ETA: 14s - loss: 0.0065
  224/25393 [..............................] - ETA: 14s - loss: 0.0087
  320/25393 [..............................] - ETA: 14s - loss: 0.0075
  416/25393 [..............................] - ETA: 14s - loss: 0.0077
  512/25393 [..............................] - ETA: 14s - loss: 0.0077
  608/25393 [..............................] - ETA: 14s - loss: 0.0078
  704/25393 [..............................] - ETA: 14s - loss: 0.0077
  800/25393 [..............................] - ETA: 14s - loss: 0.0077
  896/25393 [>.............................] - ETA: 14s - loss: 0.0077
  992/25393 [>.............................] - ETA: 14s - loss: 0.0078
 1088/25393 [>.............................] - ETA: 14s - loss: 0.0077
 1184/25393 [>.............................] - ETA: 14s - loss: 0.0075
 1280/25393 [>.............................] - ETA: 13s - loss: 0.0073
 1376/25393 [>.............................] - ETA: 13s - loss: 0.0074
 1472/25393 [>.............................] - ETA: 13s - loss: 0.0073
 1568/25393 [>.............................] - ETA: 13s - loss: 0.0073
 1664/25393 [>.............................] - ETA: 13s - loss: 0.0072
 1760/25393 [=>............................] - ETA: 13s - loss: 0.0073
 1856/25393 [=>............................] - ETA: 13s - loss: 0.0073
 1952/25393 [=>............................] - ETA: 13s - loss: 0.0073
 2048/25393 [=>............................] - ETA: 13s - loss: 0.0072
 2144/25393 [=>............................] - ETA: 13s - loss: 0.0073
 2240/25393 [=>............................] - ETA: 13s - loss: 0.0072
 2336/25393 [=>............................] - ETA: 13s - loss: 0.0071
 2432/25393 [=>............................] - ETA: 13s - loss: 0.0071
 2528/25393 [=>............................] - ETA: 13s - loss: 0.0072
 2624/25393 [==>...........................] - ETA: 13s - loss: 0.0071
 2720/25393 [==>...........................] - ETA: 13s - loss: 0.0071
 2816/25393 [==>...........................] - ETA: 13s - loss: 0.0071
 2912/25393 [==>...........................] - ETA: 13s - loss: 0.0071
 3008/25393 [==>...........................] - ETA: 13s - loss: 0.0070
 3104/25393 [==>...........................] - ETA: 13s - loss: 0.0070
 3200/25393 [==>...........................] - ETA: 13s - loss: 0.0070
 3296/25393 [==>...........................] - ETA: 13s - loss: 0.0071
 3392/25393 [===>..........................] - ETA: 12s - loss: 0.0071
 3488/25393 [===>..........................] - ETA: 12s - loss: 0.0071
 3584/25393 [===>..........................] - ETA: 12s - loss: 0.0071
 3680/25393 [===>..........................] - ETA: 12s - loss: 0.0071
 3776/25393 [===>..........................] - ETA: 12s - loss: 0.0070
 3872/25393 [===>..........................] - ETA: 12s - loss: 0.0071
 3968/25393 [===>..........................] - ETA: 12s - loss: 0.0070
 4064/25393 [===>..........................] - ETA: 12s - loss: 0.0070
 4160/25393 [===>..........................] - ETA: 12s - loss: 0.0071
 4256/25393 [====>.........................] - ETA: 12s - loss: 0.0070
 4352/25393 [====>.........................] - ETA: 12s - loss: 0.0070
 4448/25393 [====>.........................] - ETA: 12s - loss: 0.0070
 4544/25393 [====>.........................] - ETA: 12s - loss: 0.0069
 4640/25393 [====>.........................] - ETA: 12s - loss: 0.0069
 4736/25393 [====>.........................] - ETA: 12s - loss: 0.0069
 4832/25393 [====>.........................] - ETA: 12s - loss: 0.0069
 4928/25393 [====>.........................] - ETA: 12s - loss: 0.0069
 5024/25393 [====>.........................] - ETA: 12s - loss: 0.0069
 5120/25393 [=====>........................] - ETA: 11s - loss: 0.0069
 5216/25393 [=====>........................] - ETA: 11s - loss: 0.0069
 5312/25393 [=====>........................] - ETA: 11s - loss: 0.0069
 5408/25393 [=====>........................] - ETA: 11s - loss: 0.0069
 5504/25393 [=====>........................] - ETA: 11s - loss: 0.0069
 5600/25393 [=====>........................] - ETA: 11s - loss: 0.0069
 5696/25393 [=====>........................] - ETA: 11s - loss: 0.0069
 5792/25393 [=====>........................] - ETA: 11s - loss: 0.0069
 5888/25393 [=====>........................] - ETA: 11s - loss: 0.0069
 5984/25393 [======>.......................] - ETA: 11s - loss: 0.0069
 6080/25393 [======>.......................] - ETA: 11s - loss: 0.0069
 6176/25393 [======>.......................] - ETA: 11s - loss: 0.0069
 6272/25393 [======>.......................] - ETA: 11s - loss: 0.0069
 6368/25393 [======>.......................] - ETA: 11s - loss: 0.0069
 6464/25393 [======>.......................] - ETA: 11s - loss: 0.0068
 6560/25393 [======>.......................] - ETA: 11s - loss: 0.0068
 6656/25393 [======>.......................] - ETA: 11s - loss: 0.0068
 6752/25393 [======>.......................] - ETA: 10s - loss: 0.0068
 6848/25393 [=======>......................] - ETA: 10s - loss: 0.0068
 6944/25393 [=======>......................] - ETA: 10s - loss: 0.0068
 7040/25393 [=======>......................] - ETA: 10s - loss: 0.0068
 7136/25393 [=======>......................] - ETA: 10s - loss: 0.0068
 7232/25393 [=======>......................] - ETA: 10s - loss: 0.0068
 7328/25393 [=======>......................] - ETA: 10s - loss: 0.0068
 7424/25393 [=======>......................] - ETA: 10s - loss: 0.0068
 7520/25393 [=======>......................] - ETA: 10s - loss: 0.0068
 7616/25393 [=======>......................] - ETA: 10s - loss: 0.0068
 7712/25393 [========>.....................] - ETA: 10s - loss: 0.0068
 7808/25393 [========>.....................] - ETA: 10s - loss: 0.0068
 7904/25393 [========>.....................] - ETA: 10s - loss: 0.0068
 8000/25393 [========>.....................] - ETA: 10s - loss: 0.0068
 8096/25393 [========>.....................] - ETA: 10s - loss: 0.0068
 8192/25393 [========>.....................] - ETA: 10s - loss: 0.0068
 8288/25393 [========>.....................] - ETA: 10s - loss: 0.0068
 8384/25393 [========>.....................] - ETA: 9s - loss: 0.0068 
 8480/25393 [=========>....................] - ETA: 9s - loss: 0.0067
 8576/25393 [=========>....................] - ETA: 9s - loss: 0.0068
 8672/25393 [=========>....................] - ETA: 9s - loss: 0.0068
 8768/25393 [=========>....................] - ETA: 9s - loss: 0.0068
 8864/25393 [=========>....................] - ETA: 9s - loss: 0.0068
 8960/25393 [=========>....................] - ETA: 9s - loss: 0.0068
 9056/25393 [=========>....................] - ETA: 9s - loss: 0.0068
 9152/25393 [=========>....................] - ETA: 9s - loss: 0.0068
 9248/25393 [=========>....................] - ETA: 9s - loss: 0.0068
 9344/25393 [==========>...................] - ETA: 9s - loss: 0.0067
 9440/25393 [==========>...................] - ETA: 9s - loss: 0.0067
 9536/25393 [==========>...................] - ETA: 9s - loss: 0.0067
 9632/25393 [==========>...................] - ETA: 9s - loss: 0.0067
 9728/25393 [==========>...................] - ETA: 9s - loss: 0.0068
 9824/25393 [==========>...................] - ETA: 9s - loss: 0.0067
 9920/25393 [==========>...................] - ETA: 9s - loss: 0.0067
10016/25393 [==========>...................] - ETA: 9s - loss: 0.0067
10112/25393 [==========>...................] - ETA: 8s - loss: 0.0067
10208/25393 [===========>..................] - ETA: 8s - loss: 0.0067
10304/25393 [===========>..................] - ETA: 8s - loss: 0.0067
10400/25393 [===========>..................] - ETA: 8s - loss: 0.0067
10496/25393 [===========>..................] - ETA: 8s - loss: 0.0067
10592/25393 [===========>..................] - ETA: 8s - loss: 0.0067
10688/25393 [===========>..................] - ETA: 8s - loss: 0.0067
10784/25393 [===========>..................] - ETA: 8s - loss: 0.0067
10880/25393 [===========>..................] - ETA: 8s - loss: 0.0066
10976/25393 [===========>..................] - ETA: 8s - loss: 0.0066
11072/25393 [============>.................] - ETA: 8s - loss: 0.0066
11168/25393 [============>.................] - ETA: 8s - loss: 0.0066
11264/25393 [============>.................] - ETA: 8s - loss: 0.0066
11360/25393 [============>.................] - ETA: 8s - loss: 0.0066
11456/25393 [============>.................] - ETA: 8s - loss: 0.0066
11552/25393 [============>.................] - ETA: 8s - loss: 0.0066
11648/25393 [============>.................] - ETA: 8s - loss: 0.0066
11744/25393 [============>.................] - ETA: 8s - loss: 0.0066
11840/25393 [============>.................] - ETA: 7s - loss: 0.0066
11936/25393 [=============>................] - ETA: 7s - loss: 0.0066
12032/25393 [=============>................] - ETA: 7s - loss: 0.0066
12128/25393 [=============>................] - ETA: 7s - loss: 0.0066
12224/25393 [=============>................] - ETA: 7s - loss: 0.0066
12320/25393 [=============>................] - ETA: 7s - loss: 0.0066
12416/25393 [=============>................] - ETA: 7s - loss: 0.0065
12512/25393 [=============>................] - ETA: 7s - loss: 0.0065
12608/25393 [=============>................] - ETA: 7s - loss: 0.0066
12704/25393 [==============>...............] - ETA: 7s - loss: 0.0066
12800/25393 [==============>...............] - ETA: 7s - loss: 0.0065
12896/25393 [==============>...............] - ETA: 7s - loss: 0.0065
12992/25393 [==============>...............] - ETA: 7s - loss: 0.0065
13088/25393 [==============>...............] - ETA: 7s - loss: 0.0065
13184/25393 [==============>...............] - ETA: 7s - loss: 0.0065
13280/25393 [==============>...............] - ETA: 7s - loss: 0.0065
13376/25393 [==============>...............] - ETA: 7s - loss: 0.0065
13472/25393 [==============>...............] - ETA: 7s - loss: 0.0065
13568/25393 [===============>..............] - ETA: 6s - loss: 0.0065
13664/25393 [===============>..............] - ETA: 6s - loss: 0.0065
13760/25393 [===============>..............] - ETA: 6s - loss: 0.0065
13856/25393 [===============>..............] - ETA: 6s - loss: 0.0065
13952/25393 [===============>..............] - ETA: 6s - loss: 0.0065
14048/25393 [===============>..............] - ETA: 6s - loss: 0.0065
14144/25393 [===============>..............] - ETA: 6s - loss: 0.0065
14240/25393 [===============>..............] - ETA: 6s - loss: 0.0064
14336/25393 [===============>..............] - ETA: 6s - loss: 0.0064
14432/25393 [================>.............] - ETA: 6s - loss: 0.0064
14528/25393 [================>.............] - ETA: 6s - loss: 0.0064
14624/25393 [================>.............] - ETA: 6s - loss: 0.0064
14720/25393 [================>.............] - ETA: 6s - loss: 0.0064
14816/25393 [================>.............] - ETA: 6s - loss: 0.0064
14912/25393 [================>.............] - ETA: 6s - loss: 0.0064
15008/25393 [================>.............] - ETA: 6s - loss: 0.0064
15104/25393 [================>.............] - ETA: 6s - loss: 0.0064
15200/25393 [================>.............] - ETA: 5s - loss: 0.0064
15296/25393 [=================>............] - ETA: 5s - loss: 0.0064
15392/25393 [=================>............] - ETA: 5s - loss: 0.0064
15488/25393 [=================>............] - ETA: 5s - loss: 0.0064
15584/25393 [=================>............] - ETA: 5s - loss: 0.0064
15680/25393 [=================>............] - ETA: 5s - loss: 0.0064
15776/25393 [=================>............] - ETA: 5s - loss: 0.0064
15872/25393 [=================>............] - ETA: 5s - loss: 0.0064
15968/25393 [=================>............] - ETA: 5s - loss: 0.0064
16064/25393 [=================>............] - ETA: 5s - loss: 0.0064
16160/25393 [==================>...........] - ETA: 5s - loss: 0.0064
16256/25393 [==================>...........] - ETA: 5s - loss: 0.0064
16352/25393 [==================>...........] - ETA: 5s - loss: 0.0064
16448/25393 [==================>...........] - ETA: 5s - loss: 0.0064
16544/25393 [==================>...........] - ETA: 5s - loss: 0.0064
16640/25393 [==================>...........] - ETA: 5s - loss: 0.0064
16736/25393 [==================>...........] - ETA: 5s - loss: 0.0064
16832/25393 [==================>...........] - ETA: 5s - loss: 0.0063
16928/25393 [==================>...........] - ETA: 4s - loss: 0.0063
17024/25393 [===================>..........] - ETA: 4s - loss: 0.0063
17120/25393 [===================>..........] - ETA: 4s - loss: 0.0063
17216/25393 [===================>..........] - ETA: 4s - loss: 0.0063
17312/25393 [===================>..........] - ETA: 4s - loss: 0.0063
17408/25393 [===================>..........] - ETA: 4s - loss: 0.0063
17504/25393 [===================>..........] - ETA: 4s - loss: 0.0063
17600/25393 [===================>..........] - ETA: 4s - loss: 0.0063
17696/25393 [===================>..........] - ETA: 4s - loss: 0.0063
17792/25393 [====================>.........] - ETA: 4s - loss: 0.0063
17888/25393 [====================>.........] - ETA: 4s - loss: 0.0063
17984/25393 [====================>.........] - ETA: 4s - loss: 0.0063
18080/25393 [====================>.........] - ETA: 4s - loss: 0.0063
18176/25393 [====================>.........] - ETA: 4s - loss: 0.0063
18272/25393 [====================>.........] - ETA: 4s - loss: 0.0063
18368/25393 [====================>.........] - ETA: 4s - loss: 0.0063
18464/25393 [====================>.........] - ETA: 4s - loss: 0.0063
18560/25393 [====================>.........] - ETA: 4s - loss: 0.0063
18656/25393 [=====================>........] - ETA: 3s - loss: 0.0063
18752/25393 [=====================>........] - ETA: 3s - loss: 0.0063
18848/25393 [=====================>........] - ETA: 3s - loss: 0.0062
18944/25393 [=====================>........] - ETA: 3s - loss: 0.0062
19040/25393 [=====================>........] - ETA: 3s - loss: 0.0062
19136/25393 [=====================>........] - ETA: 3s - loss: 0.0062
19232/25393 [=====================>........] - ETA: 3s - loss: 0.0062
19328/25393 [=====================>........] - ETA: 3s - loss: 0.0062
19424/25393 [=====================>........] - ETA: 3s - loss: 0.0062
19520/25393 [======================>.......] - ETA: 3s - loss: 0.0062
19616/25393 [======================>.......] - ETA: 3s - loss: 0.0062
19712/25393 [======================>.......] - ETA: 3s - loss: 0.0062
19808/25393 [======================>.......] - ETA: 3s - loss: 0.0062
19904/25393 [======================>.......] - ETA: 3s - loss: 0.0062
20000/25393 [======================>.......] - ETA: 3s - loss: 0.0062
20096/25393 [======================>.......] - ETA: 3s - loss: 0.0062
20192/25393 [======================>.......] - ETA: 3s - loss: 0.0062
20288/25393 [======================>.......] - ETA: 2s - loss: 0.0062
20384/25393 [=======================>......] - ETA: 2s - loss: 0.0062
20480/25393 [=======================>......] - ETA: 2s - loss: 0.0062
20576/25393 [=======================>......] - ETA: 2s - loss: 0.0062
20672/25393 [=======================>......] - ETA: 2s - loss: 0.0062
20768/25393 [=======================>......] - ETA: 2s - loss: 0.0062
20864/25393 [=======================>......] - ETA: 2s - loss: 0.0062
20960/25393 [=======================>......] - ETA: 2s - loss: 0.0062
21056/25393 [=======================>......] - ETA: 2s - loss: 0.0062
21152/25393 [=======================>......] - ETA: 2s - loss: 0.0062
21248/25393 [========================>.....] - ETA: 2s - loss: 0.0061
21344/25393 [========================>.....] - ETA: 2s - loss: 0.0061
21440/25393 [========================>.....] - ETA: 2s - loss: 0.0061
21536/25393 [========================>.....] - ETA: 2s - loss: 0.0061
21632/25393 [========================>.....] - ETA: 2s - loss: 0.0061
21728/25393 [========================>.....] - ETA: 2s - loss: 0.0061
21824/25393 [========================>.....] - ETA: 2s - loss: 0.0061
21920/25393 [========================>.....] - ETA: 2s - loss: 0.0061
22016/25393 [=========================>....] - ETA: 1s - loss: 0.0061
22112/25393 [=========================>....] - ETA: 1s - loss: 0.0061
22208/25393 [=========================>....] - ETA: 1s - loss: 0.0061
22304/25393 [=========================>....] - ETA: 1s - loss: 0.0061
22400/25393 [=========================>....] - ETA: 1s - loss: 0.0061
22496/25393 [=========================>....] - ETA: 1s - loss: 0.0061
22592/25393 [=========================>....] - ETA: 1s - loss: 0.0061
22688/25393 [=========================>....] - ETA: 1s - loss: 0.0061
22784/25393 [=========================>....] - ETA: 1s - loss: 0.0061
22880/25393 [==========================>...] - ETA: 1s - loss: 0.0061
22976/25393 [==========================>...] - ETA: 1s - loss: 0.0061
23072/25393 [==========================>...] - ETA: 1s - loss: 0.0061
23168/25393 [==========================>...] - ETA: 1s - loss: 0.0061
23264/25393 [==========================>...] - ETA: 1s - loss: 0.0061
23360/25393 [==========================>...] - ETA: 1s - loss: 0.0061
23456/25393 [==========================>...] - ETA: 1s - loss: 0.0061
23552/25393 [==========================>...] - ETA: 1s - loss: 0.0061
23648/25393 [==========================>...] - ETA: 1s - loss: 0.0061
23744/25393 [===========================>..] - ETA: 0s - loss: 0.0061
23840/25393 [===========================>..] - ETA: 0s - loss: 0.0061
23936/25393 [===========================>..] - ETA: 0s - loss: 0.0061
24032/25393 [===========================>..] - ETA: 0s - loss: 0.0061
24128/25393 [===========================>..] - ETA: 0s - loss: 0.0061
24224/25393 [===========================>..] - ETA: 0s - loss: 0.0061
24320/25393 [===========================>..] - ETA: 0s - loss: 0.0061
24416/25393 [===========================>..] - ETA: 0s - loss: 0.0061
24512/25393 [===========================>..] - ETA: 0s - loss: 0.0061
24608/25393 [============================>.] - ETA: 0s - loss: 0.0061
24704/25393 [============================>.] - ETA: 0s - loss: 0.0061
24800/25393 [============================>.] - ETA: 0s - loss: 0.0060
24896/25393 [============================>.] - ETA: 0s - loss: 0.0060
24992/25393 [============================>.] - ETA: 0s - loss: 0.0060
25088/25393 [============================>.] - ETA: 0s - loss: 0.0060
25184/25393 [============================>.] - ETA: 0s - loss: 0.0060
25280/25393 [============================>.] - ETA: 0s - loss: 0.0060
25376/25393 [============================>.] - ETA: 0s - loss: 0.0060
25393/25393 [==============================] - 15s 603us/step - loss: 0.0060 - val_loss: 0.0067
Epoch 3/5

   32/25393 [..............................] - ETA: 14s - loss: 0.0065
  128/25393 [..............................] - ETA: 15s - loss: 0.0044
  224/25393 [..............................] - ETA: 15s - loss: 0.0044
  320/25393 [..............................] - ETA: 15s - loss: 0.0049
  416/25393 [..............................] - ETA: 14s - loss: 0.0048
  512/25393 [..............................] - ETA: 14s - loss: 0.0049
  608/25393 [..............................] - ETA: 14s - loss: 0.0047
  704/25393 [..............................] - ETA: 14s - loss: 0.0046
  800/25393 [..............................] - ETA: 14s - loss: 0.0046
  896/25393 [>.............................] - ETA: 14s - loss: 0.0046
  992/25393 [>.............................] - ETA: 14s - loss: 0.0047
 1088/25393 [>.............................] - ETA: 14s - loss: 0.0046
 1184/25393 [>.............................] - ETA: 14s - loss: 0.0046
 1280/25393 [>.............................] - ETA: 14s - loss: 0.0047
 1376/25393 [>.............................] - ETA: 14s - loss: 0.0046
 1472/25393 [>.............................] - ETA: 14s - loss: 0.0046
 1568/25393 [>.............................] - ETA: 14s - loss: 0.0046
 1664/25393 [>.............................] - ETA: 14s - loss: 0.0046
 1760/25393 [=>............................] - ETA: 14s - loss: 0.0046
 1856/25393 [=>............................] - ETA: 14s - loss: 0.0047
 1952/25393 [=>............................] - ETA: 13s - loss: 0.0046
 2048/25393 [=>............................] - ETA: 13s - loss: 0.0046
 2144/25393 [=>............................] - ETA: 13s - loss: 0.0047
 2240/25393 [=>............................] - ETA: 13s - loss: 0.0046
 2336/25393 [=>............................] - ETA: 13s - loss: 0.0046
 2432/25393 [=>............................] - ETA: 13s - loss: 0.0047
 2528/25393 [=>............................] - ETA: 13s - loss: 0.0047
 2624/25393 [==>...........................] - ETA: 13s - loss: 0.0047
 2720/25393 [==>...........................] - ETA: 13s - loss: 0.0047
 2816/25393 [==>...........................] - ETA: 13s - loss: 0.0047
 2912/25393 [==>...........................] - ETA: 13s - loss: 0.0047
 3008/25393 [==>...........................] - ETA: 13s - loss: 0.0047
 3104/25393 [==>...........................] - ETA: 13s - loss: 0.0048
 3200/25393 [==>...........................] - ETA: 13s - loss: 0.0048
 3296/25393 [==>...........................] - ETA: 13s - loss: 0.0048
 3392/25393 [===>..........................] - ETA: 13s - loss: 0.0048
 3488/25393 [===>..........................] - ETA: 13s - loss: 0.0048
 3584/25393 [===>..........................] - ETA: 12s - loss: 0.0048
 3680/25393 [===>..........................] - ETA: 12s - loss: 0.0048
 3776/25393 [===>..........................] - ETA: 12s - loss: 0.0048
 3872/25393 [===>..........................] - ETA: 12s - loss: 0.0048
 3968/25393 [===>..........................] - ETA: 12s - loss: 0.0048
 4064/25393 [===>..........................] - ETA: 12s - loss: 0.0049
 4160/25393 [===>..........................] - ETA: 12s - loss: 0.0049
 4256/25393 [====>.........................] - ETA: 12s - loss: 0.0049
 4352/25393 [====>.........................] - ETA: 12s - loss: 0.0049
 4448/25393 [====>.........................] - ETA: 12s - loss: 0.0049
 4544/25393 [====>.........................] - ETA: 12s - loss: 0.0049
 4640/25393 [====>.........................] - ETA: 12s - loss: 0.0049
 4736/25393 [====>.........................] - ETA: 12s - loss: 0.0048
 4832/25393 [====>.........................] - ETA: 12s - loss: 0.0049
 4928/25393 [====>.........................] - ETA: 12s - loss: 0.0048
 5024/25393 [====>.........................] - ETA: 12s - loss: 0.0048
 5120/25393 [=====>........................] - ETA: 12s - loss: 0.0048
 5216/25393 [=====>........................] - ETA: 11s - loss: 0.0048
 5312/25393 [=====>........................] - ETA: 11s - loss: 0.0048
 5408/25393 [=====>........................] - ETA: 11s - loss: 0.0048
 5504/25393 [=====>........................] - ETA: 11s - loss: 0.0048
 5600/25393 [=====>........................] - ETA: 11s - loss: 0.0048
 5696/25393 [=====>........................] - ETA: 11s - loss: 0.0048
 5792/25393 [=====>........................] - ETA: 11s - loss: 0.0048
 5888/25393 [=====>........................] - ETA: 11s - loss: 0.0048
 5984/25393 [======>.......................] - ETA: 11s - loss: 0.0047
 6080/25393 [======>.......................] - ETA: 11s - loss: 0.0048
 6176/25393 [======>.......................] - ETA: 11s - loss: 0.0047
 6272/25393 [======>.......................] - ETA: 11s - loss: 0.0047
 6368/25393 [======>.......................] - ETA: 11s - loss: 0.0047
 6464/25393 [======>.......................] - ETA: 11s - loss: 0.0048
 6560/25393 [======>.......................] - ETA: 11s - loss: 0.0048
 6656/25393 [======>.......................] - ETA: 11s - loss: 0.0048
 6752/25393 [======>.......................] - ETA: 11s - loss: 0.0048
 6848/25393 [=======>......................] - ETA: 11s - loss: 0.0048
 6944/25393 [=======>......................] - ETA: 10s - loss: 0.0048
 7040/25393 [=======>......................] - ETA: 10s - loss: 0.0048
 7136/25393 [=======>......................] - ETA: 10s - loss: 0.0048
 7232/25393 [=======>......................] - ETA: 10s - loss: 0.0048
 7328/25393 [=======>......................] - ETA: 10s - loss: 0.0048
 7424/25393 [=======>......................] - ETA: 10s - loss: 0.0048
 7520/25393 [=======>......................] - ETA: 10s - loss: 0.0048
 7616/25393 [=======>......................] - ETA: 10s - loss: 0.0048
 7712/25393 [========>.....................] - ETA: 10s - loss: 0.0048
 7808/25393 [========>.....................] - ETA: 10s - loss: 0.0048
 7904/25393 [========>.....................] - ETA: 10s - loss: 0.0049
 8000/25393 [========>.....................] - ETA: 10s - loss: 0.0049
 8096/25393 [========>.....................] - ETA: 10s - loss: 0.0048
 8192/25393 [========>.....................] - ETA: 10s - loss: 0.0049
 8288/25393 [========>.....................] - ETA: 10s - loss: 0.0049
 8384/25393 [========>.....................] - ETA: 10s - loss: 0.0048
 8480/25393 [=========>....................] - ETA: 10s - loss: 0.0048
 8576/25393 [=========>....................] - ETA: 9s - loss: 0.0049 
 8672/25393 [=========>....................] - ETA: 9s - loss: 0.0049
 8768/25393 [=========>....................] - ETA: 9s - loss: 0.0049
 8864/25393 [=========>....................] - ETA: 9s - loss: 0.0049
 8960/25393 [=========>....................] - ETA: 9s - loss: 0.0049
 9056/25393 [=========>....................] - ETA: 9s - loss: 0.0049
 9152/25393 [=========>....................] - ETA: 9s - loss: 0.0049
 9248/25393 [=========>....................] - ETA: 9s - loss: 0.0049
 9344/25393 [==========>...................] - ETA: 9s - loss: 0.0049
 9440/25393 [==========>...................] - ETA: 9s - loss: 0.0049
 9536/25393 [==========>...................] - ETA: 9s - loss: 0.0049
 9632/25393 [==========>...................] - ETA: 9s - loss: 0.0049
 9728/25393 [==========>...................] - ETA: 9s - loss: 0.0049
 9824/25393 [==========>...................] - ETA: 9s - loss: 0.0049
 9920/25393 [==========>...................] - ETA: 9s - loss: 0.0049
10016/25393 [==========>...................] - ETA: 9s - loss: 0.0049
10112/25393 [==========>...................] - ETA: 9s - loss: 0.0049
10208/25393 [===========>..................] - ETA: 9s - loss: 0.0049
10304/25393 [===========>..................] - ETA: 8s - loss: 0.0049
10400/25393 [===========>..................] - ETA: 8s - loss: 0.0049
10496/25393 [===========>..................] - ETA: 8s - loss: 0.0049
10592/25393 [===========>..................] - ETA: 8s - loss: 0.0049
10688/25393 [===========>..................] - ETA: 8s - loss: 0.0049
10784/25393 [===========>..................] - ETA: 8s - loss: 0.0048
10880/25393 [===========>..................] - ETA: 8s - loss: 0.0048
10976/25393 [===========>..................] - ETA: 8s - loss: 0.0048
11072/25393 [============>.................] - ETA: 8s - loss: 0.0048
11168/25393 [============>.................] - ETA: 8s - loss: 0.0049
11264/25393 [============>.................] - ETA: 8s - loss: 0.0049
11360/25393 [============>.................] - ETA: 8s - loss: 0.0048
11456/25393 [============>.................] - ETA: 8s - loss: 0.0048
11552/25393 [============>.................] - ETA: 8s - loss: 0.0049
11648/25393 [============>.................] - ETA: 8s - loss: 0.0048
11744/25393 [============>.................] - ETA: 8s - loss: 0.0048
11840/25393 [============>.................] - ETA: 8s - loss: 0.0048
11936/25393 [=============>................] - ETA: 7s - loss: 0.0048
12032/25393 [=============>................] - ETA: 7s - loss: 0.0048
12128/25393 [=============>................] - ETA: 7s - loss: 0.0048
12224/25393 [=============>................] - ETA: 7s - loss: 0.0048
12320/25393 [=============>................] - ETA: 7s - loss: 0.0048
12416/25393 [=============>................] - ETA: 7s - loss: 0.0048
12512/25393 [=============>................] - ETA: 7s - loss: 0.0048
12608/25393 [=============>................] - ETA: 7s - loss: 0.0048
12704/25393 [==============>...............] - ETA: 7s - loss: 0.0048
12800/25393 [==============>...............] - ETA: 7s - loss: 0.0048
12896/25393 [==============>...............] - ETA: 7s - loss: 0.0048
12992/25393 [==============>...............] - ETA: 7s - loss: 0.0048
13088/25393 [==============>...............] - ETA: 7s - loss: 0.0048
13184/25393 [==============>...............] - ETA: 7s - loss: 0.0048
13280/25393 [==============>...............] - ETA: 7s - loss: 0.0048
13376/25393 [==============>...............] - ETA: 7s - loss: 0.0048
13472/25393 [==============>...............] - ETA: 7s - loss: 0.0048
13568/25393 [===============>..............] - ETA: 7s - loss: 0.0048
13664/25393 [===============>..............] - ETA: 6s - loss: 0.0048
13760/25393 [===============>..............] - ETA: 6s - loss: 0.0048
13856/25393 [===============>..............] - ETA: 6s - loss: 0.0048
13952/25393 [===============>..............] - ETA: 6s - loss: 0.0048
14048/25393 [===============>..............] - ETA: 6s - loss: 0.0048
14144/25393 [===============>..............] - ETA: 6s - loss: 0.0048
14240/25393 [===============>..............] - ETA: 6s - loss: 0.0048
14336/25393 [===============>..............] - ETA: 6s - loss: 0.0048
14432/25393 [================>.............] - ETA: 6s - loss: 0.0048
14528/25393 [================>.............] - ETA: 6s - loss: 0.0048
14624/25393 [================>.............] - ETA: 6s - loss: 0.0048
14720/25393 [================>.............] - ETA: 6s - loss: 0.0048
14816/25393 [================>.............] - ETA: 6s - loss: 0.0048
14912/25393 [================>.............] - ETA: 6s - loss: 0.0048
15008/25393 [================>.............] - ETA: 6s - loss: 0.0048
15104/25393 [================>.............] - ETA: 6s - loss: 0.0048
15200/25393 [================>.............] - ETA: 6s - loss: 0.0048
15296/25393 [=================>............] - ETA: 5s - loss: 0.0048
15392/25393 [=================>............] - ETA: 5s - loss: 0.0048
15488/25393 [=================>............] - ETA: 5s - loss: 0.0048
15584/25393 [=================>............] - ETA: 5s - loss: 0.0048
15680/25393 [=================>............] - ETA: 5s - loss: 0.0048
15776/25393 [=================>............] - ETA: 5s - loss: 0.0048
15872/25393 [=================>............] - ETA: 5s - loss: 0.0048
15968/25393 [=================>............] - ETA: 5s - loss: 0.0048
16064/25393 [=================>............] - ETA: 5s - loss: 0.0048
16160/25393 [==================>...........] - ETA: 5s - loss: 0.0048
16256/25393 [==================>...........] - ETA: 5s - loss: 0.0048
16352/25393 [==================>...........] - ETA: 5s - loss: 0.0048
16448/25393 [==================>...........] - ETA: 5s - loss: 0.0047
16544/25393 [==================>...........] - ETA: 5s - loss: 0.0047
16640/25393 [==================>...........] - ETA: 5s - loss: 0.0047
16736/25393 [==================>...........] - ETA: 5s - loss: 0.0047
16832/25393 [==================>...........] - ETA: 5s - loss: 0.0047
16928/25393 [==================>...........] - ETA: 5s - loss: 0.0047
17024/25393 [===================>..........] - ETA: 4s - loss: 0.0047
17120/25393 [===================>..........] - ETA: 4s - loss: 0.0047
17216/25393 [===================>..........] - ETA: 4s - loss: 0.0047
17312/25393 [===================>..........] - ETA: 4s - loss: 0.0047
17408/25393 [===================>..........] - ETA: 4s - loss: 0.0047
17504/25393 [===================>..........] - ETA: 4s - loss: 0.0047
17600/25393 [===================>..........] - ETA: 4s - loss: 0.0047
17696/25393 [===================>..........] - ETA: 4s - loss: 0.0047
17792/25393 [====================>.........] - ETA: 4s - loss: 0.0047
17888/25393 [====================>.........] - ETA: 4s - loss: 0.0047
17984/25393 [====================>.........] - ETA: 4s - loss: 0.0047
18080/25393 [====================>.........] - ETA: 4s - loss: 0.0047
18176/25393 [====================>.........] - ETA: 4s - loss: 0.0047
18272/25393 [====================>.........] - ETA: 4s - loss: 0.0047
18368/25393 [====================>.........] - ETA: 4s - loss: 0.0047
18464/25393 [====================>.........] - ETA: 4s - loss: 0.0047
18560/25393 [====================>.........] - ETA: 4s - loss: 0.0047
18656/25393 [=====================>........] - ETA: 3s - loss: 0.0047
18752/25393 [=====================>........] - ETA: 3s - loss: 0.0047
18848/25393 [=====================>........] - ETA: 3s - loss: 0.0047
18944/25393 [=====================>........] - ETA: 3s - loss: 0.0047
19040/25393 [=====================>........] - ETA: 3s - loss: 0.0047
19136/25393 [=====================>........] - ETA: 3s - loss: 0.0047
19232/25393 [=====================>........] - ETA: 3s - loss: 0.0047
19328/25393 [=====================>........] - ETA: 3s - loss: 0.0047
19424/25393 [=====================>........] - ETA: 3s - loss: 0.0047
19520/25393 [======================>.......] - ETA: 3s - loss: 0.0047
19616/25393 [======================>.......] - ETA: 3s - loss: 0.0047
19712/25393 [======================>.......] - ETA: 3s - loss: 0.0047
19808/25393 [======================>.......] - ETA: 3s - loss: 0.0047
19904/25393 [======================>.......] - ETA: 3s - loss: 0.0047
20000/25393 [======================>.......] - ETA: 3s - loss: 0.0047
20096/25393 [======================>.......] - ETA: 3s - loss: 0.0047
20192/25393 [======================>.......] - ETA: 3s - loss: 0.0047
20288/25393 [======================>.......] - ETA: 3s - loss: 0.0047
20384/25393 [=======================>......] - ETA: 2s - loss: 0.0047
20480/25393 [=======================>......] - ETA: 2s - loss: 0.0047
20576/25393 [=======================>......] - ETA: 2s - loss: 0.0047
20672/25393 [=======================>......] - ETA: 2s - loss: 0.0047
20768/25393 [=======================>......] - ETA: 2s - loss: 0.0047
20864/25393 [=======================>......] - ETA: 2s - loss: 0.0047
20960/25393 [=======================>......] - ETA: 2s - loss: 0.0047
21056/25393 [=======================>......] - ETA: 2s - loss: 0.0047
21152/25393 [=======================>......] - ETA: 2s - loss: 0.0047
21248/25393 [========================>.....] - ETA: 2s - loss: 0.0047
21344/25393 [========================>.....] - ETA: 2s - loss: 0.0047
21440/25393 [========================>.....] - ETA: 2s - loss: 0.0047
21536/25393 [========================>.....] - ETA: 2s - loss: 0.0047
21632/25393 [========================>.....] - ETA: 2s - loss: 0.0047
21728/25393 [========================>.....] - ETA: 2s - loss: 0.0047
21824/25393 [========================>.....] - ETA: 2s - loss: 0.0047
21920/25393 [========================>.....] - ETA: 2s - loss: 0.0047
22016/25393 [=========================>....] - ETA: 1s - loss: 0.0047
22112/25393 [=========================>....] - ETA: 1s - loss: 0.0047
22208/25393 [=========================>....] - ETA: 1s - loss: 0.0047
22304/25393 [=========================>....] - ETA: 1s - loss: 0.0046
22400/25393 [=========================>....] - ETA: 1s - loss: 0.0046
22496/25393 [=========================>....] - ETA: 1s - loss: 0.0046
22592/25393 [=========================>....] - ETA: 1s - loss: 0.0046
22688/25393 [=========================>....] - ETA: 1s - loss: 0.0046
22784/25393 [=========================>....] - ETA: 1s - loss: 0.0046
22880/25393 [==========================>...] - ETA: 1s - loss: 0.0046
22976/25393 [==========================>...] - ETA: 1s - loss: 0.0046
23072/25393 [==========================>...] - ETA: 1s - loss: 0.0046
23168/25393 [==========================>...] - ETA: 1s - loss: 0.0046
23264/25393 [==========================>...] - ETA: 1s - loss: 0.0046
23360/25393 [==========================>...] - ETA: 1s - loss: 0.0046
23456/25393 [==========================>...] - ETA: 1s - loss: 0.0046
23552/25393 [==========================>...] - ETA: 1s - loss: 0.0046
23648/25393 [==========================>...] - ETA: 1s - loss: 0.0046
23744/25393 [===========================>..] - ETA: 0s - loss: 0.0046
23840/25393 [===========================>..] - ETA: 0s - loss: 0.0046
23936/25393 [===========================>..] - ETA: 0s - loss: 0.0046
24032/25393 [===========================>..] - ETA: 0s - loss: 0.0046
24128/25393 [===========================>..] - ETA: 0s - loss: 0.0046
24224/25393 [===========================>..] - ETA: 0s - loss: 0.0046
24320/25393 [===========================>..] - ETA: 0s - loss: 0.0046
24416/25393 [===========================>..] - ETA: 0s - loss: 0.0046
24512/25393 [===========================>..] - ETA: 0s - loss: 0.0046
24608/25393 [============================>.] - ETA: 0s - loss: 0.0046
24704/25393 [============================>.] - ETA: 0s - loss: 0.0046
24800/25393 [============================>.] - ETA: 0s - loss: 0.0046
24896/25393 [============================>.] - ETA: 0s - loss: 0.0046
24992/25393 [============================>.] - ETA: 0s - loss: 0.0046
25088/25393 [============================>.] - ETA: 0s - loss: 0.0046
25184/25393 [============================>.] - ETA: 0s - loss: 0.0046
25280/25393 [============================>.] - ETA: 0s - loss: 0.0046
25376/25393 [============================>.] - ETA: 0s - loss: 0.0046
25393/25393 [==============================] - 15s 608us/step - loss: 0.0046 - val_loss: 0.0080
Epoch 4/5

   32/25393 [..............................] - ETA: 13s - loss: 0.0061
  128/25393 [..............................] - ETA: 13s - loss: 0.0040
  224/25393 [..............................] - ETA: 13s - loss: 0.0038
  320/25393 [..............................] - ETA: 13s - loss: 0.0035
  416/25393 [..............................] - ETA: 13s - loss: 0.0038
  512/25393 [..............................] - ETA: 13s - loss: 0.0039
  608/25393 [..............................] - ETA: 13s - loss: 0.0039
  704/25393 [..............................] - ETA: 14s - loss: 0.0039
  800/25393 [..............................] - ETA: 14s - loss: 0.0039
  896/25393 [>.............................] - ETA: 14s - loss: 0.0039
  992/25393 [>.............................] - ETA: 14s - loss: 0.0039
 1088/25393 [>.............................] - ETA: 14s - loss: 0.0040
 1184/25393 [>.............................] - ETA: 14s - loss: 0.0039
 1280/25393 [>.............................] - ETA: 14s - loss: 0.0039
 1376/25393 [>.............................] - ETA: 14s - loss: 0.0039
 1472/25393 [>.............................] - ETA: 14s - loss: 0.0038
 1568/25393 [>.............................] - ETA: 14s - loss: 0.0038
 1664/25393 [>.............................] - ETA: 13s - loss: 0.0038
 1760/25393 [=>............................] - ETA: 13s - loss: 0.0039
 1856/25393 [=>............................] - ETA: 13s - loss: 0.0038
 1952/25393 [=>............................] - ETA: 13s - loss: 0.0038
 2048/25393 [=>............................] - ETA: 13s - loss: 0.0038
 2144/25393 [=>............................] - ETA: 13s - loss: 0.0037
 2240/25393 [=>............................] - ETA: 13s - loss: 0.0037
 2336/25393 [=>............................] - ETA: 13s - loss: 0.0037
 2432/25393 [=>............................] - ETA: 13s - loss: 0.0037
 2528/25393 [=>............................] - ETA: 13s - loss: 0.0037
 2624/25393 [==>...........................] - ETA: 13s - loss: 0.0037
 2720/25393 [==>...........................] - ETA: 13s - loss: 0.0037
 2816/25393 [==>...........................] - ETA: 13s - loss: 0.0037
 2912/25393 [==>...........................] - ETA: 13s - loss: 0.0037
 3008/25393 [==>...........................] - ETA: 13s - loss: 0.0037
 3104/25393 [==>...........................] - ETA: 13s - loss: 0.0037
 3200/25393 [==>...........................] - ETA: 13s - loss: 0.0037
 3296/25393 [==>...........................] - ETA: 12s - loss: 0.0037
 3392/25393 [===>..........................] - ETA: 12s - loss: 0.0037
 3488/25393 [===>..........................] - ETA: 12s - loss: 0.0037
 3584/25393 [===>..........................] - ETA: 12s - loss: 0.0037
 3680/25393 [===>..........................] - ETA: 12s - loss: 0.0037
 3776/25393 [===>..........................] - ETA: 12s - loss: 0.0037
 3872/25393 [===>..........................] - ETA: 12s - loss: 0.0037
 3968/25393 [===>..........................] - ETA: 12s - loss: 0.0037
 4064/25393 [===>..........................] - ETA: 12s - loss: 0.0037
 4160/25393 [===>..........................] - ETA: 12s - loss: 0.0037
 4256/25393 [====>.........................] - ETA: 12s - loss: 0.0037
 4352/25393 [====>.........................] - ETA: 12s - loss: 0.0037
 4448/25393 [====>.........................] - ETA: 12s - loss: 0.0037
 4544/25393 [====>.........................] - ETA: 12s - loss: 0.0037
 4640/25393 [====>.........................] - ETA: 12s - loss: 0.0037
 4736/25393 [====>.........................] - ETA: 12s - loss: 0.0037
 4832/25393 [====>.........................] - ETA: 12s - loss: 0.0037
 4928/25393 [====>.........................] - ETA: 12s - loss: 0.0036
 5024/25393 [====>.........................] - ETA: 12s - loss: 0.0037
 5120/25393 [=====>........................] - ETA: 11s - loss: 0.0036
 5216/25393 [=====>........................] - ETA: 11s - loss: 0.0036
 5312/25393 [=====>........................] - ETA: 11s - loss: 0.0036
 5408/25393 [=====>........................] - ETA: 11s - loss: 0.0036
 5504/25393 [=====>........................] - ETA: 11s - loss: 0.0036
 5600/25393 [=====>........................] - ETA: 11s - loss: 0.0036
 5696/25393 [=====>........................] - ETA: 11s - loss: 0.0036
 5792/25393 [=====>........................] - ETA: 11s - loss: 0.0036
 5888/25393 [=====>........................] - ETA: 11s - loss: 0.0036
 5984/25393 [======>.......................] - ETA: 11s - loss: 0.0036
 6080/25393 [======>.......................] - ETA: 11s - loss: 0.0036
 6176/25393 [======>.......................] - ETA: 11s - loss: 0.0036
 6272/25393 [======>.......................] - ETA: 11s - loss: 0.0036
 6368/25393 [======>.......................] - ETA: 11s - loss: 0.0036
 6464/25393 [======>.......................] - ETA: 11s - loss: 0.0036
 6560/25393 [======>.......................] - ETA: 11s - loss: 0.0036
 6656/25393 [======>.......................] - ETA: 11s - loss: 0.0036
 6752/25393 [======>.......................] - ETA: 11s - loss: 0.0036
 6848/25393 [=======>......................] - ETA: 10s - loss: 0.0036
 6944/25393 [=======>......................] - ETA: 10s - loss: 0.0036
 7040/25393 [=======>......................] - ETA: 10s - loss: 0.0036
 7136/25393 [=======>......................] - ETA: 10s - loss: 0.0036
 7232/25393 [=======>......................] - ETA: 10s - loss: 0.0036
 7328/25393 [=======>......................] - ETA: 10s - loss: 0.0036
 7424/25393 [=======>......................] - ETA: 10s - loss: 0.0035
 7520/25393 [=======>......................] - ETA: 10s - loss: 0.0035
 7616/25393 [=======>......................] - ETA: 10s - loss: 0.0035
 7712/25393 [========>.....................] - ETA: 10s - loss: 0.0035
 7808/25393 [========>.....................] - ETA: 10s - loss: 0.0035
 7904/25393 [========>.....................] - ETA: 10s - loss: 0.0035
 8000/25393 [========>.....................] - ETA: 10s - loss: 0.0035
 8096/25393 [========>.....................] - ETA: 10s - loss: 0.0035
 8192/25393 [========>.....................] - ETA: 10s - loss: 0.0035
 8288/25393 [========>.....................] - ETA: 10s - loss: 0.0035
 8384/25393 [========>.....................] - ETA: 10s - loss: 0.0035
 8480/25393 [=========>....................] - ETA: 9s - loss: 0.0035 
 8576/25393 [=========>....................] - ETA: 9s - loss: 0.0035
 8672/25393 [=========>....................] - ETA: 9s - loss: 0.0035
 8768/25393 [=========>....................] - ETA: 9s - loss: 0.0035
 8864/25393 [=========>....................] - ETA: 9s - loss: 0.0035
 8960/25393 [=========>....................] - ETA: 9s - loss: 0.0035
 9056/25393 [=========>....................] - ETA: 9s - loss: 0.0035
 9152/25393 [=========>....................] - ETA: 9s - loss: 0.0035
 9248/25393 [=========>....................] - ETA: 9s - loss: 0.0035
 9344/25393 [==========>...................] - ETA: 9s - loss: 0.0035
 9440/25393 [==========>...................] - ETA: 9s - loss: 0.0035
 9536/25393 [==========>...................] - ETA: 9s - loss: 0.0035
 9632/25393 [==========>...................] - ETA: 9s - loss: 0.0035
 9728/25393 [==========>...................] - ETA: 9s - loss: 0.0035
 9824/25393 [==========>...................] - ETA: 9s - loss: 0.0035
 9920/25393 [==========>...................] - ETA: 9s - loss: 0.0035
10016/25393 [==========>...................] - ETA: 9s - loss: 0.0035
10112/25393 [==========>...................] - ETA: 9s - loss: 0.0035
10208/25393 [===========>..................] - ETA: 8s - loss: 0.0035
10304/25393 [===========>..................] - ETA: 8s - loss: 0.0035
10400/25393 [===========>..................] - ETA: 8s - loss: 0.0035
10496/25393 [===========>..................] - ETA: 8s - loss: 0.0035
10592/25393 [===========>..................] - ETA: 8s - loss: 0.0035
10688/25393 [===========>..................] - ETA: 8s - loss: 0.0035
10784/25393 [===========>..................] - ETA: 8s - loss: 0.0035
10880/25393 [===========>..................] - ETA: 8s - loss: 0.0035
10976/25393 [===========>..................] - ETA: 8s - loss: 0.0035
11072/25393 [============>.................] - ETA: 8s - loss: 0.0035
11168/25393 [============>.................] - ETA: 8s - loss: 0.0035
11264/25393 [============>.................] - ETA: 8s - loss: 0.0035
11360/25393 [============>.................] - ETA: 8s - loss: 0.0035
11456/25393 [============>.................] - ETA: 8s - loss: 0.0035
11552/25393 [============>.................] - ETA: 8s - loss: 0.0035
11648/25393 [============>.................] - ETA: 8s - loss: 0.0035
11744/25393 [============>.................] - ETA: 8s - loss: 0.0035
11840/25393 [============>.................] - ETA: 8s - loss: 0.0035
11936/25393 [=============>................] - ETA: 7s - loss: 0.0035
12032/25393 [=============>................] - ETA: 7s - loss: 0.0035
12128/25393 [=============>................] - ETA: 7s - loss: 0.0035
12224/25393 [=============>................] - ETA: 7s - loss: 0.0035
12320/25393 [=============>................] - ETA: 7s - loss: 0.0035
12416/25393 [=============>................] - ETA: 7s - loss: 0.0035
12512/25393 [=============>................] - ETA: 7s - loss: 0.0035
12608/25393 [=============>................] - ETA: 7s - loss: 0.0035
12704/25393 [==============>...............] - ETA: 7s - loss: 0.0035
12800/25393 [==============>...............] - ETA: 7s - loss: 0.0035
12896/25393 [==============>...............] - ETA: 7s - loss: 0.0035
12992/25393 [==============>...............] - ETA: 7s - loss: 0.0035
13088/25393 [==============>...............] - ETA: 7s - loss: 0.0035
13184/25393 [==============>...............] - ETA: 7s - loss: 0.0035
13280/25393 [==============>...............] - ETA: 7s - loss: 0.0035
13376/25393 [==============>...............] - ETA: 7s - loss: 0.0035
13472/25393 [==============>...............] - ETA: 7s - loss: 0.0035
13568/25393 [===============>..............] - ETA: 6s - loss: 0.0035
13664/25393 [===============>..............] - ETA: 6s - loss: 0.0035
13760/25393 [===============>..............] - ETA: 6s - loss: 0.0035
13856/25393 [===============>..............] - ETA: 6s - loss: 0.0035
13952/25393 [===============>..............] - ETA: 6s - loss: 0.0035
14048/25393 [===============>..............] - ETA: 6s - loss: 0.0035
14144/25393 [===============>..............] - ETA: 6s - loss: 0.0035
14240/25393 [===============>..............] - ETA: 6s - loss: 0.0035
14336/25393 [===============>..............] - ETA: 6s - loss: 0.0035
14432/25393 [================>.............] - ETA: 6s - loss: 0.0035
14528/25393 [================>.............] - ETA: 6s - loss: 0.0035
14624/25393 [================>.............] - ETA: 6s - loss: 0.0035
14720/25393 [================>.............] - ETA: 6s - loss: 0.0035
14816/25393 [================>.............] - ETA: 6s - loss: 0.0035
14912/25393 [================>.............] - ETA: 6s - loss: 0.0035
15008/25393 [================>.............] - ETA: 6s - loss: 0.0035
15104/25393 [================>.............] - ETA: 6s - loss: 0.0035
15200/25393 [================>.............] - ETA: 6s - loss: 0.0035
15296/25393 [=================>............] - ETA: 5s - loss: 0.0035
15392/25393 [=================>............] - ETA: 5s - loss: 0.0035
15488/25393 [=================>............] - ETA: 5s - loss: 0.0035
15584/25393 [=================>............] - ETA: 5s - loss: 0.0035
15680/25393 [=================>............] - ETA: 5s - loss: 0.0035
15776/25393 [=================>............] - ETA: 5s - loss: 0.0035
15872/25393 [=================>............] - ETA: 5s - loss: 0.0035
15968/25393 [=================>............] - ETA: 5s - loss: 0.0035
16064/25393 [=================>............] - ETA: 5s - loss: 0.0035
16160/25393 [==================>...........] - ETA: 5s - loss: 0.0035
16256/25393 [==================>...........] - ETA: 5s - loss: 0.0035
16352/25393 [==================>...........] - ETA: 5s - loss: 0.0035
16448/25393 [==================>...........] - ETA: 5s - loss: 0.0035
16544/25393 [==================>...........] - ETA: 5s - loss: 0.0035
16640/25393 [==================>...........] - ETA: 5s - loss: 0.0035
16736/25393 [==================>...........] - ETA: 5s - loss: 0.0035
16832/25393 [==================>...........] - ETA: 5s - loss: 0.0035
16928/25393 [==================>...........] - ETA: 5s - loss: 0.0035
17024/25393 [===================>..........] - ETA: 4s - loss: 0.0035
17120/25393 [===================>..........] - ETA: 4s - loss: 0.0035
17216/25393 [===================>..........] - ETA: 4s - loss: 0.0035
17312/25393 [===================>..........] - ETA: 4s - loss: 0.0035
17408/25393 [===================>..........] - ETA: 4s - loss: 0.0035
17504/25393 [===================>..........] - ETA: 4s - loss: 0.0035
17600/25393 [===================>..........] - ETA: 4s - loss: 0.0035
17696/25393 [===================>..........] - ETA: 4s - loss: 0.0035
17792/25393 [====================>.........] - ETA: 4s - loss: 0.0035
17888/25393 [====================>.........] - ETA: 4s - loss: 0.0035
17984/25393 [====================>.........] - ETA: 4s - loss: 0.0035
18080/25393 [====================>.........] - ETA: 4s - loss: 0.0035
18176/25393 [====================>.........] - ETA: 4s - loss: 0.0035
18272/25393 [====================>.........] - ETA: 4s - loss: 0.0035
18368/25393 [====================>.........] - ETA: 4s - loss: 0.0035
18464/25393 [====================>.........] - ETA: 4s - loss: 0.0035
18560/25393 [====================>.........] - ETA: 4s - loss: 0.0035
18656/25393 [=====================>........] - ETA: 3s - loss: 0.0035
18752/25393 [=====================>........] - ETA: 3s - loss: 0.0035
18848/25393 [=====================>........] - ETA: 3s - loss: 0.0035
18944/25393 [=====================>........] - ETA: 3s - loss: 0.0035
19040/25393 [=====================>........] - ETA: 3s - loss: 0.0035
19136/25393 [=====================>........] - ETA: 3s - loss: 0.0035
19232/25393 [=====================>........] - ETA: 3s - loss: 0.0035
19328/25393 [=====================>........] - ETA: 3s - loss: 0.0035
19424/25393 [=====================>........] - ETA: 3s - loss: 0.0035
19520/25393 [======================>.......] - ETA: 3s - loss: 0.0035
19616/25393 [======================>.......] - ETA: 3s - loss: 0.0035
19712/25393 [======================>.......] - ETA: 3s - loss: 0.0035
19808/25393 [======================>.......] - ETA: 3s - loss: 0.0035
19904/25393 [======================>.......] - ETA: 3s - loss: 0.0035
20000/25393 [======================>.......] - ETA: 3s - loss: 0.0035
20096/25393 [======================>.......] - ETA: 3s - loss: 0.0035
20192/25393 [======================>.......] - ETA: 3s - loss: 0.0035
20288/25393 [======================>.......] - ETA: 3s - loss: 0.0035
20384/25393 [=======================>......] - ETA: 2s - loss: 0.0035
20480/25393 [=======================>......] - ETA: 2s - loss: 0.0035
20576/25393 [=======================>......] - ETA: 2s - loss: 0.0035
20672/25393 [=======================>......] - ETA: 2s - loss: 0.0035
20768/25393 [=======================>......] - ETA: 2s - loss: 0.0035
20864/25393 [=======================>......] - ETA: 2s - loss: 0.0035
20960/25393 [=======================>......] - ETA: 2s - loss: 0.0035
21056/25393 [=======================>......] - ETA: 2s - loss: 0.0035
21152/25393 [=======================>......] - ETA: 2s - loss: 0.0035
21248/25393 [========================>.....] - ETA: 2s - loss: 0.0035
21344/25393 [========================>.....] - ETA: 2s - loss: 0.0035
21440/25393 [========================>.....] - ETA: 2s - loss: 0.0035
21536/25393 [========================>.....] - ETA: 2s - loss: 0.0035
21632/25393 [========================>.....] - ETA: 2s - loss: 0.0035
21728/25393 [========================>.....] - ETA: 2s - loss: 0.0035
21824/25393 [========================>.....] - ETA: 2s - loss: 0.0035
21920/25393 [========================>.....] - ETA: 2s - loss: 0.0035
22016/25393 [=========================>....] - ETA: 1s - loss: 0.0035
22112/25393 [=========================>....] - ETA: 1s - loss: 0.0035
22208/25393 [=========================>....] - ETA: 1s - loss: 0.0035
22304/25393 [=========================>....] - ETA: 1s - loss: 0.0035
22400/25393 [=========================>....] - ETA: 1s - loss: 0.0035
22496/25393 [=========================>....] - ETA: 1s - loss: 0.0035
22592/25393 [=========================>....] - ETA: 1s - loss: 0.0035
22688/25393 [=========================>....] - ETA: 1s - loss: 0.0035
22784/25393 [=========================>....] - ETA: 1s - loss: 0.0035
22880/25393 [==========================>...] - ETA: 1s - loss: 0.0035
22976/25393 [==========================>...] - ETA: 1s - loss: 0.0035
23072/25393 [==========================>...] - ETA: 1s - loss: 0.0035
23168/25393 [==========================>...] - ETA: 1s - loss: 0.0035
23264/25393 [==========================>...] - ETA: 1s - loss: 0.0035
23360/25393 [==========================>...] - ETA: 1s - loss: 0.0035
23456/25393 [==========================>...] - ETA: 1s - loss: 0.0035
23552/25393 [==========================>...] - ETA: 1s - loss: 0.0035
23648/25393 [==========================>...] - ETA: 1s - loss: 0.0035
23744/25393 [===========================>..] - ETA: 0s - loss: 0.0035
23840/25393 [===========================>..] - ETA: 0s - loss: 0.0036
23936/25393 [===========================>..] - ETA: 0s - loss: 0.0035
24032/25393 [===========================>..] - ETA: 0s - loss: 0.0035
24128/25393 [===========================>..] - ETA: 0s - loss: 0.0035
24224/25393 [===========================>..] - ETA: 0s - loss: 0.0035
24320/25393 [===========================>..] - ETA: 0s - loss: 0.0035
24416/25393 [===========================>..] - ETA: 0s - loss: 0.0035
24512/25393 [===========================>..] - ETA: 0s - loss: 0.0035
24608/25393 [============================>.] - ETA: 0s - loss: 0.0035
24704/25393 [============================>.] - ETA: 0s - loss: 0.0035
24800/25393 [============================>.] - ETA: 0s - loss: 0.0035
24896/25393 [============================>.] - ETA: 0s - loss: 0.0035
24992/25393 [============================>.] - ETA: 0s - loss: 0.0035
25088/25393 [============================>.] - ETA: 0s - loss: 0.0035
25184/25393 [============================>.] - ETA: 0s - loss: 0.0035
25280/25393 [============================>.] - ETA: 0s - loss: 0.0035
25376/25393 [============================>.] - ETA: 0s - loss: 0.0035
25393/25393 [==============================] - 15s 609us/step - loss: 0.0035 - val_loss: 0.0070
Epoch 5/5

   32/25393 [..............................] - ETA: 14s - loss: 0.0022
  128/25393 [..............................] - ETA: 15s - loss: 0.0033
  224/25393 [..............................] - ETA: 14s - loss: 0.0030
  320/25393 [..............................] - ETA: 14s - loss: 0.0032
  416/25393 [..............................] - ETA: 14s - loss: 0.0033
  512/25393 [..............................] - ETA: 14s - loss: 0.0032
  608/25393 [..............................] - ETA: 14s - loss: 0.0030
  704/25393 [..............................] - ETA: 14s - loss: 0.0031
  800/25393 [..............................] - ETA: 14s - loss: 0.0031
  896/25393 [>.............................] - ETA: 14s - loss: 0.0030
  992/25393 [>.............................] - ETA: 14s - loss: 0.0029
 1088/25393 [>.............................] - ETA: 14s - loss: 0.0028
 1184/25393 [>.............................] - ETA: 14s - loss: 0.0029
 1280/25393 [>.............................] - ETA: 14s - loss: 0.0029
 1376/25393 [>.............................] - ETA: 14s - loss: 0.0029
 1472/25393 [>.............................] - ETA: 14s - loss: 0.0028
 1568/25393 [>.............................] - ETA: 14s - loss: 0.0028
 1664/25393 [>.............................] - ETA: 14s - loss: 0.0028
 1760/25393 [=>............................] - ETA: 13s - loss: 0.0028
 1856/25393 [=>............................] - ETA: 13s - loss: 0.0028
 1952/25393 [=>............................] - ETA: 13s - loss: 0.0028
 2048/25393 [=>............................] - ETA: 13s - loss: 0.0027
 2144/25393 [=>............................] - ETA: 13s - loss: 0.0027
 2240/25393 [=>............................] - ETA: 13s - loss: 0.0028
 2336/25393 [=>............................] - ETA: 13s - loss: 0.0027
 2432/25393 [=>............................] - ETA: 13s - loss: 0.0027
 2528/25393 [=>............................] - ETA: 13s - loss: 0.0027
 2624/25393 [==>...........................] - ETA: 13s - loss: 0.0027
 2720/25393 [==>...........................] - ETA: 13s - loss: 0.0027
 2816/25393 [==>...........................] - ETA: 13s - loss: 0.0027
 2912/25393 [==>...........................] - ETA: 13s - loss: 0.0027
 3008/25393 [==>...........................] - ETA: 13s - loss: 0.0027
 3104/25393 [==>...........................] - ETA: 13s - loss: 0.0027
 3200/25393 [==>...........................] - ETA: 13s - loss: 0.0027
 3296/25393 [==>...........................] - ETA: 13s - loss: 0.0028
 3392/25393 [===>..........................] - ETA: 13s - loss: 0.0028
 3488/25393 [===>..........................] - ETA: 12s - loss: 0.0028
 3584/25393 [===>..........................] - ETA: 12s - loss: 0.0028
 3680/25393 [===>..........................] - ETA: 12s - loss: 0.0028
 3776/25393 [===>..........................] - ETA: 12s - loss: 0.0028
 3872/25393 [===>..........................] - ETA: 12s - loss: 0.0028
 3968/25393 [===>..........................] - ETA: 12s - loss: 0.0028
 4064/25393 [===>..........................] - ETA: 12s - loss: 0.0028
 4160/25393 [===>..........................] - ETA: 12s - loss: 0.0028
 4256/25393 [====>.........................] - ETA: 12s - loss: 0.0028
 4352/25393 [====>.........................] - ETA: 12s - loss: 0.0028
 4448/25393 [====>.........................] - ETA: 12s - loss: 0.0028
 4544/25393 [====>.........................] - ETA: 12s - loss: 0.0028
 4640/25393 [====>.........................] - ETA: 12s - loss: 0.0028
 4736/25393 [====>.........................] - ETA: 12s - loss: 0.0028
 4832/25393 [====>.........................] - ETA: 12s - loss: 0.0028
 4928/25393 [====>.........................] - ETA: 12s - loss: 0.0028
 5024/25393 [====>.........................] - ETA: 12s - loss: 0.0028
 5120/25393 [=====>........................] - ETA: 12s - loss: 0.0028
 5216/25393 [=====>........................] - ETA: 11s - loss: 0.0028
 5312/25393 [=====>........................] - ETA: 11s - loss: 0.0028
 5408/25393 [=====>........................] - ETA: 11s - loss: 0.0028
 5504/25393 [=====>........................] - ETA: 11s - loss: 0.0028
 5600/25393 [=====>........................] - ETA: 11s - loss: 0.0028
 5696/25393 [=====>........................] - ETA: 11s - loss: 0.0028
 5792/25393 [=====>........................] - ETA: 11s - loss: 0.0028
 5888/25393 [=====>........................] - ETA: 11s - loss: 0.0028
 5984/25393 [======>.......................] - ETA: 11s - loss: 0.0028
 6080/25393 [======>.......................] - ETA: 11s - loss: 0.0028
 6176/25393 [======>.......................] - ETA: 11s - loss: 0.0028
 6272/25393 [======>.......................] - ETA: 11s - loss: 0.0028
 6368/25393 [======>.......................] - ETA: 11s - loss: 0.0028
 6464/25393 [======>.......................] - ETA: 11s - loss: 0.0028
 6560/25393 [======>.......................] - ETA: 11s - loss: 0.0028
 6656/25393 [======>.......................] - ETA: 11s - loss: 0.0028
 6752/25393 [======>.......................] - ETA: 11s - loss: 0.0028
 6848/25393 [=======>......................] - ETA: 10s - loss: 0.0028
 6944/25393 [=======>......................] - ETA: 10s - loss: 0.0028
 7040/25393 [=======>......................] - ETA: 10s - loss: 0.0028
 7136/25393 [=======>......................] - ETA: 10s - loss: 0.0028
 7232/25393 [=======>......................] - ETA: 10s - loss: 0.0028
 7328/25393 [=======>......................] - ETA: 10s - loss: 0.0028
 7424/25393 [=======>......................] - ETA: 10s - loss: 0.0028
 7520/25393 [=======>......................] - ETA: 10s - loss: 0.0028
 7616/25393 [=======>......................] - ETA: 10s - loss: 0.0028
 7712/25393 [========>.....................] - ETA: 10s - loss: 0.0028
 7808/25393 [========>.....................] - ETA: 10s - loss: 0.0028
 7904/25393 [========>.....................] - ETA: 10s - loss: 0.0028
 8000/25393 [========>.....................] - ETA: 10s - loss: 0.0028
 8096/25393 [========>.....................] - ETA: 10s - loss: 0.0028
 8192/25393 [========>.....................] - ETA: 10s - loss: 0.0028
 8288/25393 [========>.....................] - ETA: 10s - loss: 0.0027
 8384/25393 [========>.....................] - ETA: 10s - loss: 0.0027
 8480/25393 [=========>....................] - ETA: 9s - loss: 0.0027 
 8576/25393 [=========>....................] - ETA: 9s - loss: 0.0027
 8672/25393 [=========>....................] - ETA: 9s - loss: 0.0027
 8768/25393 [=========>....................] - ETA: 9s - loss: 0.0027
 8864/25393 [=========>....................] - ETA: 9s - loss: 0.0027
 8960/25393 [=========>....................] - ETA: 9s - loss: 0.0027
 9056/25393 [=========>....................] - ETA: 9s - loss: 0.0027
 9152/25393 [=========>....................] - ETA: 9s - loss: 0.0027
 9248/25393 [=========>....................] - ETA: 9s - loss: 0.0027
 9344/25393 [==========>...................] - ETA: 9s - loss: 0.0027
 9440/25393 [==========>...................] - ETA: 9s - loss: 0.0027
 9536/25393 [==========>...................] - ETA: 9s - loss: 0.0027
 9632/25393 [==========>...................] - ETA: 9s - loss: 0.0027
 9728/25393 [==========>...................] - ETA: 9s - loss: 0.0027
 9824/25393 [==========>...................] - ETA: 9s - loss: 0.0027
 9920/25393 [==========>...................] - ETA: 9s - loss: 0.0027
10016/25393 [==========>...................] - ETA: 9s - loss: 0.0027
10112/25393 [==========>...................] - ETA: 9s - loss: 0.0027
10208/25393 [===========>..................] - ETA: 8s - loss: 0.0027
10304/25393 [===========>..................] - ETA: 8s - loss: 0.0027
10432/25393 [===========>..................] - ETA: 8s - loss: 0.0027
10528/25393 [===========>..................] - ETA: 8s - loss: 0.0027
10624/25393 [===========>..................] - ETA: 8s - loss: 0.0027
10720/25393 [===========>..................] - ETA: 8s - loss: 0.0027
10816/25393 [===========>..................] - ETA: 8s - loss: 0.0027
10912/25393 [===========>..................] - ETA: 8s - loss: 0.0027
11008/25393 [============>.................] - ETA: 8s - loss: 0.0027
11104/25393 [============>.................] - ETA: 8s - loss: 0.0027
11200/25393 [============>.................] - ETA: 8s - loss: 0.0027
11296/25393 [============>.................] - ETA: 8s - loss: 0.0027
11392/25393 [============>.................] - ETA: 8s - loss: 0.0027
11488/25393 [============>.................] - ETA: 8s - loss: 0.0027
11584/25393 [============>.................] - ETA: 8s - loss: 0.0027
11680/25393 [============>.................] - ETA: 8s - loss: 0.0027
11776/25393 [============>.................] - ETA: 8s - loss: 0.0027
11872/25393 [=============>................] - ETA: 7s - loss: 0.0027
11968/25393 [=============>................] - ETA: 7s - loss: 0.0027
12064/25393 [=============>................] - ETA: 7s - loss: 0.0027
12160/25393 [=============>................] - ETA: 7s - loss: 0.0027
12256/25393 [=============>................] - ETA: 7s - loss: 0.0027
12352/25393 [=============>................] - ETA: 7s - loss: 0.0027
12448/25393 [=============>................] - ETA: 7s - loss: 0.0027
12544/25393 [=============>................] - ETA: 7s - loss: 0.0027
12640/25393 [=============>................] - ETA: 7s - loss: 0.0027
12736/25393 [==============>...............] - ETA: 7s - loss: 0.0027
12832/25393 [==============>...............] - ETA: 7s - loss: 0.0027
12928/25393 [==============>...............] - ETA: 7s - loss: 0.0027
13024/25393 [==============>...............] - ETA: 7s - loss: 0.0027
13120/25393 [==============>...............] - ETA: 7s - loss: 0.0027
13216/25393 [==============>...............] - ETA: 7s - loss: 0.0027
13312/25393 [==============>...............] - ETA: 7s - loss: 0.0027
13408/25393 [==============>...............] - ETA: 7s - loss: 0.0027
13504/25393 [==============>...............] - ETA: 7s - loss: 0.0027
13600/25393 [===============>..............] - ETA: 6s - loss: 0.0027
13696/25393 [===============>..............] - ETA: 6s - loss: 0.0027
13792/25393 [===============>..............] - ETA: 6s - loss: 0.0027
13888/25393 [===============>..............] - ETA: 6s - loss: 0.0027
13984/25393 [===============>..............] - ETA: 6s - loss: 0.0027
14080/25393 [===============>..............] - ETA: 6s - loss: 0.0027
14176/25393 [===============>..............] - ETA: 6s - loss: 0.0027
14272/25393 [===============>..............] - ETA: 6s - loss: 0.0027
14368/25393 [===============>..............] - ETA: 6s - loss: 0.0027
14464/25393 [================>.............] - ETA: 6s - loss: 0.0027
14560/25393 [================>.............] - ETA: 6s - loss: 0.0027
14656/25393 [================>.............] - ETA: 6s - loss: 0.0027
14752/25393 [================>.............] - ETA: 6s - loss: 0.0027
14848/25393 [================>.............] - ETA: 6s - loss: 0.0027
14944/25393 [================>.............] - ETA: 6s - loss: 0.0027
15040/25393 [================>.............] - ETA: 6s - loss: 0.0027
15136/25393 [================>.............] - ETA: 6s - loss: 0.0027
15232/25393 [================>.............] - ETA: 6s - loss: 0.0027
15328/25393 [=================>............] - ETA: 5s - loss: 0.0027
15424/25393 [=================>............] - ETA: 5s - loss: 0.0027
15520/25393 [=================>............] - ETA: 5s - loss: 0.0027
15616/25393 [=================>............] - ETA: 5s - loss: 0.0027
15712/25393 [=================>............] - ETA: 5s - loss: 0.0027
15808/25393 [=================>............] - ETA: 5s - loss: 0.0027
15904/25393 [=================>............] - ETA: 5s - loss: 0.0027
16000/25393 [=================>............] - ETA: 5s - loss: 0.0027
16096/25393 [==================>...........] - ETA: 5s - loss: 0.0027
16192/25393 [==================>...........] - ETA: 5s - loss: 0.0027
16288/25393 [==================>...........] - ETA: 5s - loss: 0.0027
16384/25393 [==================>...........] - ETA: 5s - loss: 0.0027
16480/25393 [==================>...........] - ETA: 5s - loss: 0.0027
16576/25393 [==================>...........] - ETA: 5s - loss: 0.0027
16672/25393 [==================>...........] - ETA: 5s - loss: 0.0027
16768/25393 [==================>...........] - ETA: 5s - loss: 0.0027
16864/25393 [==================>...........] - ETA: 5s - loss: 0.0027
16960/25393 [===================>..........] - ETA: 5s - loss: 0.0027
17056/25393 [===================>..........] - ETA: 4s - loss: 0.0027
17152/25393 [===================>..........] - ETA: 4s - loss: 0.0027
17248/25393 [===================>..........] - ETA: 4s - loss: 0.0027
17344/25393 [===================>..........] - ETA: 4s - loss: 0.0027
17440/25393 [===================>..........] - ETA: 4s - loss: 0.0027
17536/25393 [===================>..........] - ETA: 4s - loss: 0.0027
17632/25393 [===================>..........] - ETA: 4s - loss: 0.0027
17728/25393 [===================>..........] - ETA: 4s - loss: 0.0027
17824/25393 [====================>.........] - ETA: 4s - loss: 0.0027
17920/25393 [====================>.........] - ETA: 4s - loss: 0.0027
18016/25393 [====================>.........] - ETA: 4s - loss: 0.0027
18112/25393 [====================>.........] - ETA: 4s - loss: 0.0027
18208/25393 [====================>.........] - ETA: 4s - loss: 0.0027
18304/25393 [====================>.........] - ETA: 4s - loss: 0.0027
18400/25393 [====================>.........] - ETA: 4s - loss: 0.0027
18496/25393 [====================>.........] - ETA: 4s - loss: 0.0027
18592/25393 [====================>.........] - ETA: 4s - loss: 0.0027
18688/25393 [=====================>........] - ETA: 3s - loss: 0.0027
18784/25393 [=====================>........] - ETA: 3s - loss: 0.0027
18880/25393 [=====================>........] - ETA: 3s - loss: 0.0027
18976/25393 [=====================>........] - ETA: 3s - loss: 0.0027
19072/25393 [=====================>........] - ETA: 3s - loss: 0.0027
19168/25393 [=====================>........] - ETA: 3s - loss: 0.0027
19264/25393 [=====================>........] - ETA: 3s - loss: 0.0027
19360/25393 [=====================>........] - ETA: 3s - loss: 0.0027
19456/25393 [=====================>........] - ETA: 3s - loss: 0.0027
19552/25393 [======================>.......] - ETA: 3s - loss: 0.0027
19648/25393 [======================>.......] - ETA: 3s - loss: 0.0027
19744/25393 [======================>.......] - ETA: 3s - loss: 0.0027
19840/25393 [======================>.......] - ETA: 3s - loss: 0.0027
19936/25393 [======================>.......] - ETA: 3s - loss: 0.0027
20032/25393 [======================>.......] - ETA: 3s - loss: 0.0027
20128/25393 [======================>.......] - ETA: 3s - loss: 0.0027
20224/25393 [======================>.......] - ETA: 3s - loss: 0.0027
20320/25393 [=======================>......] - ETA: 3s - loss: 0.0027
20416/25393 [=======================>......] - ETA: 2s - loss: 0.0027
20512/25393 [=======================>......] - ETA: 2s - loss: 0.0027
20608/25393 [=======================>......] - ETA: 2s - loss: 0.0027
20704/25393 [=======================>......] - ETA: 2s - loss: 0.0027
20800/25393 [=======================>......] - ETA: 2s - loss: 0.0027
20896/25393 [=======================>......] - ETA: 2s - loss: 0.0027
20992/25393 [=======================>......] - ETA: 2s - loss: 0.0027
21088/25393 [=======================>......] - ETA: 2s - loss: 0.0027
21184/25393 [========================>.....] - ETA: 2s - loss: 0.0027
21280/25393 [========================>.....] - ETA: 2s - loss: 0.0027
21376/25393 [========================>.....] - ETA: 2s - loss: 0.0027
21472/25393 [========================>.....] - ETA: 2s - loss: 0.0027
21568/25393 [========================>.....] - ETA: 2s - loss: 0.0027
21664/25393 [========================>.....] - ETA: 2s - loss: 0.0027
21760/25393 [========================>.....] - ETA: 2s - loss: 0.0027
21856/25393 [========================>.....] - ETA: 2s - loss: 0.0027
21952/25393 [========================>.....] - ETA: 2s - loss: 0.0027
22048/25393 [=========================>....] - ETA: 1s - loss: 0.0027
22144/25393 [=========================>....] - ETA: 1s - loss: 0.0027
22240/25393 [=========================>....] - ETA: 1s - loss: 0.0027
22336/25393 [=========================>....] - ETA: 1s - loss: 0.0027
22432/25393 [=========================>....] - ETA: 1s - loss: 0.0027
22528/25393 [=========================>....] - ETA: 1s - loss: 0.0027
22624/25393 [=========================>....] - ETA: 1s - loss: 0.0027
22720/25393 [=========================>....] - ETA: 1s - loss: 0.0027
22816/25393 [=========================>....] - ETA: 1s - loss: 0.0027
22912/25393 [==========================>...] - ETA: 1s - loss: 0.0027
23008/25393 [==========================>...] - ETA: 1s - loss: 0.0027
23104/25393 [==========================>...] - ETA: 1s - loss: 0.0027
23200/25393 [==========================>...] - ETA: 1s - loss: 0.0027
23296/25393 [==========================>...] - ETA: 1s - loss: 0.0027
23392/25393 [==========================>...] - ETA: 1s - loss: 0.0027
23488/25393 [==========================>...] - ETA: 1s - loss: 0.0027
23584/25393 [==========================>...] - ETA: 1s - loss: 0.0027
23680/25393 [==========================>...] - ETA: 1s - loss: 0.0027
23776/25393 [===========================>..] - ETA: 0s - loss: 0.0027
23872/25393 [===========================>..] - ETA: 0s - loss: 0.0026
23968/25393 [===========================>..] - ETA: 0s - loss: 0.0027
24064/25393 [===========================>..] - ETA: 0s - loss: 0.0026
24160/25393 [===========================>..] - ETA: 0s - loss: 0.0027
24256/25393 [===========================>..] - ETA: 0s - loss: 0.0027
24352/25393 [===========================>..] - ETA: 0s - loss: 0.0027
24448/25393 [===========================>..] - ETA: 0s - loss: 0.0027
24544/25393 [===========================>..] - ETA: 0s - loss: 0.0027
24640/25393 [============================>.] - ETA: 0s - loss: 0.0027
24736/25393 [============================>.] - ETA: 0s - loss: 0.0027
24832/25393 [============================>.] - ETA: 0s - loss: 0.0027
24928/25393 [============================>.] - ETA: 0s - loss: 0.0027
25024/25393 [============================>.] - ETA: 0s - loss: 0.0027
25120/25393 [============================>.] - ETA: 0s - loss: 0.0027
25216/25393 [============================>.] - ETA: 0s - loss: 0.0027
25312/25393 [============================>.] - ETA: 0s - loss: 0.0027
25393/25393 [==============================] - 16s 611us/step - loss: 0.0027 - val_loss: 0.0123
